Summerholm --> 1 records
COMP20003 Code: 2326, Official Code Suburb: 51417, Official Name Suburb: Success, Year: 2021, Official Code State: 5, Official Name State: Western Australia, Official Code Local Government Area: 51820, Official Name Local Government Area: Cockburn, Latitude: -32.1424775, Longitude: 115.8497104
Pinevale --> 1 records
COMP20003 Code: 1933, Official Code Suburb: 32327, Official Name Suburb: Pinevale, Year: 2021, Official Code State: 3, Official Name State: Queensland, Official Code Local Government Area: 34770, Official Name Local Government Area: Mackay, Latitude: -21.3300276, Longitude: 148.8191851
Carstairs --> 1 records
COMP20003 Code: 11045, Official Code Suburb: 60103, Official Name Suburb: Castra, Year: 2021, Official Code State: 6, Official Name State: Tasmania, Official Code Local Government Area: 60810, Official Name Local Government Area: Central Coast, Latitude: -41.3016116, Longitude: 146.1147241
Mount Eliza --> 1 records
COMP20003 Code: 9634, Official Code Suburb: 31967, Official Name Suburb: Mount Glorious, Year: 2021, Official Code State: 3, Official Name State: Queensland, Official Code Local Government Area: 35010, Official Name Local Government Area: Moreton Bay, Latitude: -27.3187835, Longitude: 152.7764766
Carlton --> 1 records
COMP20003 Code: 7502, Official Code Suburb: 60100, Official Name Suburb: Carlton River, Year: 2021, Official Code State: 6, Official Name State: Tasmania, Official Code Local Government Area: 64810, Official Name Local Government Area: Sorell, Latitude: -42.8642702, Longitude: 147.7112742
Waranga Shores --> 1 records
COMP20003 Code: 10713, Official Code Suburb: 51530, Official Name Suburb: Warburton, Year: 2021, Official Code State: 5, Official Name State: Western Australia, Official Code Local Government Area: 56620, Official Name Local Government Area: Ngaanyatjarraku, Latitude: -26.1294268, Longitude: 126.7113806
Hall --> 1 records
COMP20003 Code: 5667, Official Code Suburb: 11841, Official Name Suburb: Halls Creek, Year: 2021, Official Code State: 1, Official Name State: New South Wales, Official Code Local Government Area: 17310, Official Name Local Government Area: Tamworth Regional, Latitude: -30.7673442, Longitude: 150.9272430
Tooloon --> 1 records
COMP20003 Code: 9808, Official Code Suburb: 60680, Official Name Suburb: Togari, Year: 2021, Official Code State: 6, Official Name State: Tasmania, Official Code Local Government Area: 61210, Official Name Local Government Area: Circular Head, Latitude: -41.0137360, Longitude: 144.8676584
Rocky Point --> 1 records
COMP20003 Code: 10521, Official Code Suburb: 22184, Official Name Suburb: Rochester, Year: 2021, Official Code State: 2, Official Name State: Victoria, Official Code Local Government Area: 21370, Official Name Local Government Area: Campaspe, Latitude: -36.3614021, Longitude: 144.6805487
Owen --> 1 records
COMP20003 Code: 10385, Official Code Suburb: 32219, Official Name Suburb: Ogmore, Year: 2021, Official Code State: 3, Official Name State: Queensland, Official Code Local Government Area: 34530, Official Name Local Government Area: Livingstone, Latitude: -22.6437546, Longitude: 149.6797813
Lower Mount Walker --> 1 records
COMP20003 Code: 9897, Official Code Suburb: 31693, Official Name Suburb: Lower Mount Walker, Year: 2021, Official Code State: 3, Official Name State: Queensland, Official Code Local Government Area: 33960, 36510, Official Name Local Government Area: Ipswich, Scenic Rim, Latitude: -27.7214865, Longitude: 152.5360259
Bohena Creek --> 1 records
COMP20003 Code: 9359, Official Code Suburb: 10443, Official Name Suburb: Bohena Creek, Year: 2021, Official Code State: 1, Official Name State: New South Wales, Official Code Local Government Area: 15750, Official Name Local Government Area: Narrabri, Latitude: -30.4077098, Longitude: 149.6322896
Roxby Downs --> 1 records
COMP20003 Code: 5041, Official Code Suburb: 41281, Official Name Suburb: Roxby Downs, Year: 2021, Official Code State: 4, Official Name State: South Australia, Official Code Local Government Area: 46970, Official Name Local Government Area: Roxby Downs, Latitude: -30.5638601, Longitude: 136.9003411
Horsnell Gully --> 1 records
COMP20003 Code: 9961, Official Code Suburb: 40609, Official Name Suburb: Horsnell Gully, Year: 2021, Official Code State: 4, Official Name State: South Australia, Official Code Local Government Area: 40120, Official Name Local Government Area: Adelaide Hills, Latitude: -34.9351043, Longitude: 138.7044330
Faulconbridge --> 1 records
COMP20003 Code: 11564, Official Code Suburb: 11492, Official Name Suburb: Fargunyah, Year: 2021, Official Code State: 1, Official Name State: New South Wales, Official Code Local Government Area: 14950, Official Name Local Government Area: Lockhart, Latitude: -35.1234473, Longitude: 146.7447404
Kangaroo Point --> 1 records
COMP20003 Code: 9393, Official Code Suburb: 12068, Official Name Suburb: Kangaroo Point, Year: 2021, Official Code State: 1, Official Name State: New South Wales, Official Code Local Government Area: 17150, Official Name Local Government Area: Sutherland Shire, Latitude: -34.0028078, Longitude: 151.0958939
Kamarooka --> 1 records
COMP20003 Code: 4704, Official Code Suburb: 21289, Official Name Suburb: Kamarooka, Year: 2021, Official Code State: 2, Official Name State: Victoria, Official Code Local Government Area: 22620, 23940, Official Name Local Government Area: Greater Bendigo, Loddon, Latitude: -36.4968140, Longitude: 144.3718407
Wonderland --> 1 records
COMP20003 Code: 10720, Official Code Suburb: 22833, Official Name Suburb: Woodend, Year: 2021, Official Code State: 2, Official Name State: Victoria, Official Code Local Government Area: 24130, Official Name Local Government Area: Macedon Ranges, Latitude: -37.3623472, Longitude: 144.5262738
Stratheden --> 1 records
COMP20003 Code: 8919, Official Code Suburb: 51410, Official Name Suburb: Strathalbyn, Year: 2021, Official Code State: 5, Official Name State: Western Australia, Official Code Local Government Area: 53800, Official Name Local Government Area: Greater Geraldton, Latitude: -28.7517715, Longitude: 114.6456931
Spotswood --> 1 records
COMP20003 Code: 6890, Official Code Suburb: 22319, Official Name Suburb: Spotswood, Year: 2021, Official Code State: 2, Official Name State: Victoria, Official Code Local Government Area: 23110, Official Name Local Government Area: Hobsons Bay, Latitude: -37.8299577, Longitude: 144.8879621
Tenterden --> 1 records
COMP20003 Code: 8015, Official Code Suburb: 13807, Official Name Suburb: Tenterfield, Year: 2021, Official Code State: 1, Official Name State: New South Wales, Official Code Local Government Area: 17400, Official Name Local Government Area: Tenterfield, Latitude: -29.0807666, Longitude: 152.0344543
Flinders --> 1 records
COMP20003 Code: 5051, Official Code Suburb: 11537, Official Name Suburb: Flinders, Year: 2021, Official Code State: 1, Official Name State: New South Wales, Official Code Local Government Area: 16900, Official Name Local Government Area: Shellharbour, Latitude: -34.5807832, Longitude: 150.8460702
Beeron --> 1 records
COMP20003 Code: 9394, Official Code Suburb: 20095, Official Name Suburb: Bacchus Marsh, Year: 2021, Official Code State: 2, Official Name State: Victoria, Official Code Local Government Area: 25150, Official Name Local Government Area: Moorabool, Latitude: -37.6763457, Longitude: 144.4463321
Springfield --> 1 records
COMP20003 Code: 2273, Official Code Suburb: 51399, Official Name Suburb: Springfield, Year: 2021, Official Code State: 5, Official Name State: Western Australia, Official Code Local Government Area: 54060, Official Name Local Government Area: Irwin, Latitude: -29.2878607, Longitude: 114.9540971
Corop --> 1 records
COMP20003 Code: 8471, Official Code Suburb: 20645, Official Name Suburb: Corop, Year: 2021, Official Code State: 2, Official Name State: Victoria, Official Code Local Government Area: 21370, Official Name Local Government Area: Campaspe, Latitude: -36.4613514, Longitude: 144.7802750
Electra --> 1 records
COMP20003 Code: 9051, Official Code Suburb: 30957, Official Name Suburb: Electra, Year: 2021, Official Code State: 3, Official Name State: Queensland, Official Code Local Government Area: 31820, Official Name Local Government Area: Bundaberg, Latitude: -24.9969550, Longitude: 152.1153589
Moolerr --> 1 records
COMP20003 Code: 5383, Official Code Suburb: 21725, Official Name Suburb: Mologa, Year: 2021, Official Code State: 2, Official Name State: Victoria, Official Code Local Government Area: 23940, Official Name Local Government Area: Loddon, Latitude: -36.1608710, Longitude: 144.1295182
Lyneham --> 1 records
COMP20003 Code: 7598, Official Code Suburb: 80086, Official Name Suburb: Lyneham, Year: 2021, Official Code State: 8, Official Name State: Australian Capital Territory, Official Code Local Government Area: 89399, Official Name Local Government Area: Unincorporated ACT, Latitude: -35.2397954, Longitude: 149.1307413
Far Far Away --> 1 records
COMP20003 Code: 7250, Official Code Suburb: 11525, Official Name Suburb: Fishermans Bay, Year: 2021, Official Code State: 1, Official Name State: New South Wales, Official Code Local Government Area: 16400, Official Name Local Government Area: Port Stephens, Latitude: -32.7850396, Longitude: 152.0952705
Nashua --> 1 records
COMP20003 Code: 11021, Official Code Suburb: 32111, Official Name Suburb: Nearum, Year: 2021, Official Code State: 3, Official Name State: Queensland, Official Code Local Government Area: 31820, Official Name Local Government Area: Bundaberg, Latitude: -25.0708780, Longitude: 151.8093443
Premaydena --> 1 records
COMP20003 Code: 9550, Official Code Suburb: 60518, Official Name Suburb: Premaydena, Year: 2021, Official Code State: 6, Official Name State: Tasmania, Official Code Local Government Area: 65210, Official Name Local Government Area: Tasman, Latitude: -43.0577293, Longitude: 147.7584337
Shoal Bay --> 1 records
COMP20003 Code: 11221, Official Code Suburb: 60600, Official Name Suburb: Shorewell Park, Year: 2021, Official Code State: 6, Official Name State: Tasmania, Official Code Local Government Area: 60610, Official Name Local Government Area: Burnie, Latitude: -41.0699640, Longitude: 145.8768673
Camden Head --> 1 records
COMP20003 Code: 10167, Official Code Suburb: 30506, Official Name Suburb: Campaspe, Year: 2021, Official Code State: 3, Official Name State: Queensland, Official Code Local Government Area: 32310, Official Name Local Government Area: Charters Towers, Latitude: -20.5932504, Longitude: 146.0034188
Wagin --> 1 records
COMP20003 Code: 2957, Official Code Suburb: 14139, Official Name Suburb: Wambangalang, Year: 2021, Official Code State: 1, Official Name State: New South Wales, Official Code Local Government Area: 12390, Official Name Local Government Area: Dubbo Regional, Latitude: -32.5614126, Longitude: 148.5008389
Kensington --> 1 records
COMP20003 Code: 6206, Official Code Suburb: 50752, Official Name Suburb: Kensington, Year: 2021, Official Code State: 5, Official Name State: Western Australia, Official Code Local Government Area: 57840, 58510, Official Name Local Government Area: South Perth, Victoria Park, Latitude: -31.9856189, Longitude: 115.8839737
Springfield --> 1 records
COMP20003 Code: 2273, Official Code Suburb: 51399, Official Name Suburb: Springfield, Year: 2021, Official Code State: 5, Official Name State: Western Australia, Official Code Local Government Area: 54060, Official Name Local Government Area: Irwin, Latitude: -29.2878607, Longitude: 114.9540971
Hopeland --> 1 records
COMP20003 Code: 9961, Official Code Suburb: 40609, Official Name Suburb: Horsnell Gully, Year: 2021, Official Code State: 4, Official Name State: South Australia, Official Code Local Government Area: 40120, Official Name Local Government Area: Adelaide Hills, Latitude: -34.9351043, Longitude: 138.7044330
Dee --> 1 records
COMP20003 Code: 6738, Official Code Suburb: 20728, Official Name Suburb: Deepdene, Year: 2021, Official Code State: 2, Official Name State: Victoria, Official Code Local Government Area: 21110, Official Name Local Government Area: Boroondara, Latitude: -37.8116220, Longitude: 145.0659660
Boosey --> 1 records
COMP20003 Code: 8726, Official Code Suburb: 30332, Official Name Suburb: Booval, Year: 2021, Official Code State: 3, Official Name State: Queensland, Official Code Local Government Area: 33960, Official Name Local Government Area: Ipswich, Latitude: -27.6137372, Longitude: 152.7926691
Wheeo --> 1 records
COMP20003 Code: 7221, Official Code Suburb: 33062, Official Name Suburb: White Rock, Year: 2021, Official Code State: 3, Official Name State: Queensland, Official Code Local Government Area: 32080, Official Name Local Government Area: Cairns, Latitude: -16.9784642, Longitude: 145.7577888
Pasadena --> 1 records
COMP20003 Code: 15232, Official Code Suburb: 13165, Official Name Suburb: Parkville, Year: 2021, Official Code State: 1, Official Name State: New South Wales, Official Code Local Government Area: 17620, Official Name Local Government Area: Upper Hunter Shire, Latitude: -31.9705195, Longitude: 150.8823423
Kevington --> 1 records
COMP20003 Code: 8568, Official Code Suburb: 21335, Official Name Suburb: Kevington, Year: 2021, Official Code State: 2, Official Name State: Victoria, Official Code Local Government Area: 24250, Official Name Local Government Area: Mansfield, Latitude: -37.3601737, Longitude: 146.1693989
Kuraby --> 1 records
COMP20003 Code: 686, Official Code Suburb: 31588, Official Name Suburb: Kuraby, Year: 2021, Official Code State: 3, Official Name State: Queensland, Official Code Local Government Area: 31000, Official Name Local Government Area: Brisbane, Latitude: -27.6068481, Longitude: 153.0936220
Deepdene --> 1 records
COMP20003 Code: 6738, Official Code Suburb: 20728, Official Name Suburb: Deepdene, Year: 2021, Official Code State: 2, Official Name State: Victoria, Official Code Local Government Area: 21110, Official Name Local Government Area: Boroondara, Latitude: -37.8116220, Longitude: 145.0659660
Nelligen --> 1 records
COMP20003 Code: 8388, Official Code Suburb: 51081, Official Name Suburb: Nangeenan, Year: 2021, Official Code State: 5, Official Name State: Western Australia, Official Code Local Government Area: 55460, Official Name Local Government Area: Merredin, Latitude: -31.5198355, Longitude: 118.1826036
Mount Macarthur --> 1 records
COMP20003 Code: 8659, Official Code Suburb: 32003, Official Name Suburb: Mount Mort, Year: 2021, Official Code State: 3, Official Name State: Queensland, Official Code Local Government Area: 33960, Official Name Local Government Area: Ipswich, Latitude: -27.7765559, Longitude: 152.4330202
Algorithms & Data Structure --> 1 records
COMP20003 Code: 9639, Official Code Suburb: 60007, Official Name Suburb: Adventure Bay, Year: 2021, Official Code State: 6, Official Name State: Tasmania, Official Code Local Government Area: 63610, Official Name Local Government Area: Kingborough, Latitude: -43.3513638, Longitude: 147.3254236
Merlwood --> 1 records
COMP20003 Code: 10052, Official Code Suburb: 31810, Official Name Suburb: Merlwood, Year: 2021, Official Code State: 3, Official Name State: Queensland, Official Code Local Government Area: 36630, Official Name Local Government Area: South Burnett, Latitude: -26.1526346, Longitude: 151.8790205
Myrtle Mountain --> 1 records
COMP20003 Code: 6634, Official Code Suburb: 12891, Official Name Suburb: Myrtle Mountain, Year: 2021, Official Code State: 1, Official Name State: New South Wales, Official Code Local Government Area: 10550, Official Name Local Government Area: Bega Valley, Latitude: -36.8512682, Longitude: 149.6873340
Port Julia --> 1 records
COMP20003 Code: 11059, Official Code Suburb: 41199, Official Name Suburb: Port Julia, Year: 2021, Official Code State: 4, Official Name State: South Australia, Official Code Local Government Area: 48830, Official Name Local Government Area: Yorke Peninsula, Latitude: -34.6475106, Longitude: 137.8685300
Wirrimbi --> 1 records
COMP20003 Code: 9699, Official Code Suburb: 14359, Official Name Suburb: Wirrimbi, Year: 2021, Official Code State: 1, Official Name State: New South Wales, Official Code Local Government Area: 15700, Official Name Local Government Area: Nambucca Valley, Latitude: -30.6709463, Longitude: 152.9259862
Donald Creek --> 1 records
COMP20003 Code: 11365, Official Code Suburb: 11273, Official Name Suburb: Donald Creek, Year: 2021, Official Code State: 1, Official Name State: New South Wales, Official Code Local Government Area: 10180, Official Name Local Government Area: Armidale Regional, Latitude: -30.4263661, Longitude: 151.7613923
Tenterfield --> 1 records
COMP20003 Code: 8015, Official Code Suburb: 13807, Official Name Suburb: Tenterfield, Year: 2021, Official Code State: 1, Official Name State: New South Wales, Official Code Local Government Area: 17400, Official Name Local Government Area: Tenterfield, Latitude: -29.0807666, Longitude: 152.0344543
Commissioners Creek --> 1 records
COMP20003 Code: 11594, Official Code Suburb: 40282, Official Name Suburb: Colley, Year: 2021, Official Code State: 4, Official Name State: South Australia, Official Code Local Government Area: 47490, Official Name Local Government Area: Streaky Bay, Latitude: -33.0647126, Longitude: 134.6559723
Manangatang --> 1 records
COMP20003 Code: 9841, Official Code Suburb: 12483, Official Name Suburb: Manildra, Year: 2021, Official Code State: 1, Official Name State: New South Wales, Official Code Local Government Area: 11400, Official Name Local Government Area: Cabonne, Latitude: -33.2125025, Longitude: 148.6484934
Nearum --> 1 records
COMP20003 Code: 11021, Official Code Suburb: 32111, Official Name Suburb: Nearum, Year: 2021, Official Code State: 3, Official Name State: Queensland, Official Code Local Government Area: 31820, Official Name Local Government Area: Bundaberg, Latitude: -25.0708780, Longitude: 151.8093443
New York --> 1 records
COMP20003 Code: 4929, Official Code Suburb: 32127, Official Name Suburb: New Beith, Year: 2021, Official Code State: 3, Official Name State: Queensland, Official Code Local Government Area: 34590, Official Name Local Government Area: Logan, Latitude: -27.7521871, Longitude: 152.9461123
Blackbutt --> 1 records
COMP20003 Code: 10613, Official Code Suburb: 10387, Official Name Suburb: Black Range, Year: 2021, Official Code State: 1, Official Name State: New South Wales, Official Code Local Government Area: 10550, Official Name Local Government Area: Bega Valley, Latitude: -36.7347076, Longitude: 149.8443544
Gosforth --> 1 records
COMP20003 Code: 9368, Official Code Suburb: 11729, Official Name Suburb: Gosforth, Year: 2021, Official Code State: 1, Official Name State: New South Wales, Official Code Local Government Area: 15050, Official Name Local Government Area: Maitland, Latitude: -32.6523767, Longitude: 151.4897357
Coffs Harbour --> 1 records
COMP20003 Code: 9232, Official Code Suburb: 10959, Official Name Suburb: Coffs Harbour, Year: 2021, Official Code State: 1, Official Name State: New South Wales, Official Code Local Government Area: 11800, Official Name Local Government Area: Coffs Harbour, Latitude: -30.2982358, Longitude: 153.1076847
Mount Mort --> 1 records
COMP20003 Code: 8659, Official Code Suburb: 32003, Official Name Suburb: Mount Mort, Year: 2021, Official Code State: 3, Official Name State: Queensland, Official Code Local Government Area: 33960, Official Name Local Government Area: Ipswich, Latitude: -27.7765559, Longitude: 152.4330202
Reedy Dam --> 1 records
COMP20003 Code: 13842, Official Code Suburb: 60540, Official Name Suburb: Red Hills, Year: 2021, Official Code State: 6, Official Name State: Tasmania, Official Code Local Government Area: 64210, Official Name Local Government Area: Meander Valley, Latitude: -41.5290479, Longitude: 146.5825223
Never Ending --> 1 records
COMP20003 Code: 1937, Official Code Suburb: 21929, Official Name Suburb: Newington, Year: 2021, Official Code State: 2, Official Name State: Victoria, Official Code Local Government Area: 20570, Official Name Local Government Area: Ballarat, Latitude: -37.5640356, Longitude: 143.8275850
Wybung --> 1 records
COMP20003 Code: 9223, Official Code Suburb: 14455, Official Name Suburb: Wybung, Year: 2021, Official Code State: 1, Official Name State: New South Wales, Official Code Local Government Area: 11650, Official Name Local Government Area: Central Coast, Latitude: -33.1923388, Longitude: 151.6045639
Gobarralong --> 1 records
COMP20003 Code: 4773, Official Code Suburb: 11692, Official Name Suburb: Gobarralong, Year: 2021, Official Code State: 1, Official Name State: New South Wales, Official Code Local Government Area: 12160, Official Name Local Government Area: Cootamundra-Gundagai Regional, Latitude: -34.9519254, Longitude: 148.3556424
Richmond Lowlands --> 1 records
COMP20003 Code: 8892, Official Code Suburb: 13377, Official Name Suburb: Richmond Lowlands, Year: 2021, Official Code State: 1, Official Name State: New South Wales, Official Code Local Government Area: 13800, Official Name Local Government Area: Hawkesbury, Latitude: -33.5789799, Longitude: 150.7529625
Nyarrin --> 1 records
COMP20003 Code: 4098, Official Code Suburb: 21994, Official Name Suburb: Nyarrin, Year: 2021, Official Code State: 2, Official Name State: Victoria, Official Code Local Government Area: 21270, Official Name Local Government Area: Buloke, Latitude: -35.3865148, Longitude: 142.6707409
Evanslea --> 1 records
COMP20003 Code: 5689, Official Code Suburb: 11474, Official Name Suburb: Eveleigh, Year: 2021, Official Code State: 1, Official Name State: New South Wales, Official Code Local Government Area: 17200, Official Name Local Government Area: Sydney, Latitude: -33.8956649, Longitude: 151.1924036
Balliang --> 1 records
COMP20003 Code: 10256, Official Code Suburb: 50056, Official Name Suburb: Balingup, Year: 2021, Official Code State: 5, Official Name State: Western Australia, Official Code Local Government Area: 52870, Official Name Local Government Area: Donnybrook-Balingup, Latitude: -33.7777124, Longitude: 116.0069075
Fadden --> 1 records
COMP20003 Code: 11564, Official Code Suburb: 11492, Official Name Suburb: Fargunyah, Year: 2021, Official Code State: 1, Official Name State: New South Wales, Official Code Local Government Area: 14950, Official Name Local Government Area: Lockhart, Latitude: -35.1234473, Longitude: 146.7447404
Lynton --> 1 records
COMP20003 Code: 9133, Official Code Suburb: 40795, Official Name Suburb: Lynton, Year: 2021, Official Code State: 4, Official Name State: South Australia, Official Code Local Government Area: 44340, Official Name Local Government Area: Mitcham, Latitude: -34.9973223, Longitude: 138.6073899
Hoddys Well --> 1 records
COMP20003 Code: 9448, Official Code Suburb: 50646, Official Name Suburb: Hoddys Well, Year: 2021, Official Code State: 5, Official Name State: Western Australia, Official Code Local Government Area: 58330, Official Name Local Government Area: Toodyay, Latitude: -31.6457252, Longitude: 116.4584474
Seddon --> 1 records
COMP20003 Code: 8161, Official Code Suburb: 41325, Official Name Suburb: Seddon, Year: 2021, Official Code State: 4, Official Name State: South Australia, Official Code Local Government Area: 42750, Official Name Local Government Area: Kangaroo Island, Latitude: -35.8589260, Longitude: 137.2800867
Bungundarra --> 1 records
COMP20003 Code: 7296, Official Code Suburb: 10674, Official Name Suburb: Bundure, Year: 2021, Official Code State: 1, Official Name State: New South Wales, Official Code Local Government Area: 15560, Official Name Local Government Area: Murrumbidgee, Latitude: -35.1423330, Longitude: 145.8941101
Woodpark --> 1 records
COMP20003 Code: 1890, Official Code Suburb: 14408, Official Name Suburb: Woodpark, Year: 2021, Official Code State: 1, Official Name State: New South Wales, Official Code Local Government Area: 12380, Official Name Local Government Area: Cumberland, Latitude: -33.8413048, Longitude: 150.9604336
Recherche --> 1 records
COMP20003 Code: 10610, Official Code Suburb: 41254, Official Name Suburb: Reynella East, Year: 2021, Official Code State: 4, Official Name State: South Australia, Official Code Local Government Area: 45340, Official Name Local Government Area: Onkaparinga, Latitude: -35.0880702, Longitude: 138.5526700
Carlton River --> 1 records
COMP20003 Code: 7502, Official Code Suburb: 60100, Official Name Suburb: Carlton River, Year: 2021, Official Code State: 6, Official Name State: Tasmania, Official Code Local Government Area: 64810, Official Name Local Government Area: Sorell, Latitude: -42.8642702, Longitude: 147.7112742
Wolvi --> 1 records
COMP20003 Code: 10012, Official Code Suburb: 33112, Official Name Suburb: Wolvi, Year: 2021, Official Code State: 3, Official Name State: Queensland, Official Code Local Government Area: 33620, Official Name Local Government Area: Gympie, Latitude: -26.1502807, Longitude: 152.8253867
Binary Search Tree --> 1 records
COMP20003 Code: 11375, Official Code Suburb: 10348, Official Name Suburb: Bilbul, Year: 2021, Official Code State: 1, Official Name State: New South Wales, Official Code Local Government Area: 13450, Official Name Local Government Area: Griffith, Latitude: -34.2816541, Longitude: 146.1591821
Pyengana --> 1 records
COMP20003 Code: 9466, Official Code Suburb: 60527, Official Name Suburb: Pyengana, Year: 2021, Official Code State: 6, Official Name State: Tasmania, Official Code Local Government Area: 60210, Official Name Local Government Area: Break O'Day, Latitude: -41.3002816, Longitude: 147.9487567
Mount Barker Junction --> 1 records
COMP20003 Code: 8138, Official Code Suburb: 21809, Official Name Suburb: Mount Richmond, Year: 2021, Official Code State: 2, Official Name State: Victoria, Official Code Local Government Area: 22410, Official Name Local Government Area: Glenelg, Latitude: -38.1544120, Longitude: 141.3324009
Littlehampton --> 1 records
COMP20003 Code: 7308, Official Code Suburb: 12316, Official Name Suburb: Lethbridge Park, Year: 2021, Official Code State: 1, Official Name State: New South Wales, Official Code Local Government Area: 10750, Official Name Local Government Area: Blacktown, Latitude: -33.7371313, Longitude: 150.8004769
Gilston --> 1 records
COMP20003 Code: 8636, Official Code Suburb: 31123, Official Name Suburb: Gilston, Year: 2021, Official Code State: 3, Official Name State: Queensland, Official Code Local Government Area: 33430, Official Name Local Government Area: Gold Coast, Latitude: -28.0296606, Longitude: 153.3046678
Cuprona --> 1 records
COMP20003 Code: 6886, Official Code Suburb: 60141, Official Name Suburb: Cuprona, Year: 2021, Official Code State: 6, Official Name State: Tasmania, Official Code Local Government Area: 60810, Official Name Local Government Area: Central Coast, Latitude: -41.1269384, Longitude: 145.9705911
Broadwater --> 1 records
COMP20003 Code: 7488, Official Code Suburb: 50189, Official Name Suburb: Brookton, Year: 2021, Official Code State: 5, Official Name State: Western Australia, Official Code Local Government Area: 50910, Official Name Local Government Area: Brookton, Latitude: -32.3506349, Longitude: 117.0055800
Lisle --> 1 records
COMP20003 Code: 6848, Official Code Suburb: 12355, Official Name Suburb: Liston, Year: 2021, Official Code State: 1, Official Name State: New South Wales, Official Code Local Government Area: 17400, Official Name Local Government Area: Tenterfield, Latitude: -28.6344209, Longitude: 152.1201195
Ascot Vale --> 1 records
COMP20003 Code: 10078, Official Code Suburb: 50037, Official Name Suburb: Aubin Grove, Year: 2021, Official Code State: 5, Official Name State: Western Australia, Official Code Local Government Area: 51820, Official Name Local Government Area: Cockburn, Latitude: -32.1671322, Longitude: 115.8626634
Wilsons Pocket --> 1 records
COMP20003 Code: 2071, Official Code Suburb: 33086, Official Name Suburb: Wilsons Pocket, Year: 2021, Official Code State: 3, Official Name State: Queensland, Official Code Local Government Area: 33620, Official Name Local Government Area: Gympie, Latitude: -26.1231096, Longitude: 152.7999159
Argyll --> 1 records
COMP20003 Code: 4954, Official Code Suburb: 10084, Official Name Suburb: Arkstone, Year: 2021, Official Code State: 1, Official Name State: New South Wales, Official Code Local Government Area: 16100, Official Name Local Government Area: Oberon, Latitude: -34.0406673, Longitude: 149.6573736
Richmond --> 1 records
COMP20003 Code: 15157, Official Code Suburb: 13376, Official Name Suburb: Richmond Hill, Year: 2021, Official Code State: 1, Official Name State: New South Wales, Official Code Local Government Area: 14850, Official Name Local Government Area: Lismore, Latitude: -28.7892790, Longitude: 153.3469865
Port Bonython --> 1 records
COMP20003 Code: 1721, Official Code Suburb: 41191, Official Name Suburb: Port Bonython, Year: 2021, Official Code State: 4, Official Name State: South Australia, Official Code Local Government Area: 48540, Official Name Local Government Area: Whyalla, Latitude: -32.9710306, Longitude: 137.7435731
