Summerholm --> 1 records - comparisons: b56 n17 s1
Pinevale --> 1 records - comparisons: b64 n13 s1
Carstairs --> 1 records - comparisons: b48 n25 s1
Mount Eliza --> 1 records - comparisons: b112 n21 s1
Carlton --> 1 records - comparisons: b128 n25 s1
Waranga Shores --> 1 records - comparisons: b72 n16 s1
Hall --> 1 records - comparisons: b88 n19 s1
Tooloon --> 1 records - comparisons: b48 n16 s1
Rocky Point --> 1 records - comparisons: b72 n19 s1
Owen --> 1 records - comparisons: b48 n16 s1
Lower Mount Walker --> 1 records - comparisons: b144 n16 s1
Bohena Creek --> 1 records - comparisons: b96 n19 s1
Roxby Downs --> 1 records - comparisons: b88 n15 s1
Horsnell Gully --> 1 records - comparisons: b112 n16 s1
Faulconbridge --> 1 records - comparisons: b72 n16 s1
Kangaroo Point --> 1 records - comparisons: b112 n25 s1
Kamarooka --> 1 records - comparisons: b72 n21 s1
Wonderland --> 1 records - comparisons: b56 n16 s1
Stratheden --> 1 records - comparisons: b88 n21 s1
Spotswood --> 1 records - comparisons: b72 n16 s1
Tenterden --> 1 records - comparisons: b88 n17 s1
Flinders --> 1 records - comparisons: b64 n15 s1
Beeron --> 1 records - comparisons: b104 n16 s1
Springfield --> 1 records - comparisons: b144 n21 s1
Corop --> 1 records - comparisons: b40 n16 s1
Electra --> 1 records - comparisons: b56 n16 s1
Moolerr --> 1 records - comparisons: b48 n21 s1
Lyneham --> 1 records - comparisons: b56 n13 s1
Far Far Away --> 1 records - comparisons: b112 n13 s1
Nashua --> 1 records - comparisons: b48 n22 s1
Premaydena --> 1 records - comparisons: b80 n14 s1
Shoal Bay --> 1 records - comparisons: b112 n14 s1
Camden Head --> 1 records - comparisons: b64 n31 s1
Wagin --> 1 records - comparisons: b96 n16 s1
Kensington --> 1 records - comparisons: b96 n22 s1
Springfield --> 1 records - comparisons: b144 n21 s1
Hopeland --> 1 records - comparisons: b112 n16 s1
Dee --> 1 records - comparisons: b64 n15 s1
Boosey --> 1 records - comparisons: b48 n17 s1
Wheeo --> 1 records - comparisons: b80 n12 s1
Pasadena --> 1 records - comparisons: b72 n19 s1
Kevington --> 1 records - comparisons: b72 n17 s1
Kuraby --> 1 records - comparisons: b48 n10 s1
Deepdene --> 1 records - comparisons: b64 n15 s1
Nelligen --> 1 records - comparisons: b72 n15 s1
Mount Macarthur --> 1 records - comparisons: b80 n16 s1
Algorithms & Data Structure --> 1 records - comparisons: b104 n19 s1
Merlwood --> 1 records - comparisons: b64 n18 s1
Myrtle Mountain --> 1 records - comparisons: b120 n19 s1
Port Julia --> 1 records - comparisons: b80 n13 s1
Wirrimbi --> 1 records - comparisons: b64 n12 s1
Donald Creek --> 1 records - comparisons: b96 n15 s1
Tenterfield --> 1 records - comparisons: b88 n17 s1
Commissioners Creek --> 1 records - comparisons: b48 n17 s1
Manangatang --> 1 records - comparisons: b64 n16 s1
Nearum --> 1 records - comparisons: b48 n22 s1
New York --> 1 records - comparisons: b72 n18 s1
Blackbutt --> 1 records - comparisons: b88 n19 s1
Gosforth --> 1 records - comparisons: b64 n17 s1
Coffs Harbour --> 1 records - comparisons: b104 n22 s1
Mount Mort --> 1 records - comparisons: b80 n16 s1
Reedy Dam --> 1 records - comparisons: b72 n16 s1
Never Ending --> 1 records - comparisons: b72 n15 s1
Wybung --> 1 records - comparisons: b48 n13 s1
Gobarralong --> 1 records - comparisons: b88 n17 s1
Richmond Lowlands --> 1 records - comparisons: b160 n19 s1
Nyarrin --> 1 records - comparisons: b56 n14 s1
Evanslea --> 1 records - comparisons: b64 n16 s1
Balliang --> 1 records - comparisons: b64 n17 s1
Fadden --> 1 records - comparisons: b72 n16 s1
Lynton --> 1 records - comparisons: b48 n19 s1
Hoddys Well --> 1 records - comparisons: b88 n15 s1
Seddon --> 1 records - comparisons: b48 n22 s1
Bungundarra --> 1 records - comparisons: b56 n14 s1
Woodpark --> 1 records - comparisons: b64 n13 s1
Recherche --> 1 records - comparisons: b104 n15 s1
Carlton River --> 1 records - comparisons: b128 n25 s1
Wolvi --> 1 records - comparisons: b40 n15 s1
Binary Search Tree --> 1 records - comparisons: b48 n17 s1
Pyengana --> 1 records - comparisons: b64 n13 s1
Mount Barker Junction --> 1 records - comparisons: b112 n15 s1
Littlehampton --> 1 records - comparisons: b120 n15 s1
Gilston --> 1 records - comparisons: b56 n16 s1
Cuprona --> 1 records - comparisons: b56 n12 s1
Broadwater --> 1 records - comparisons: b64 n14 s1
Lisle --> 1 records - comparisons: b48 n19 s1
Ascot Vale --> 1 records - comparisons: b88 n18 s1
Wilsons Pocket --> 1 records - comparisons: b112 n11 s1
Argyll --> 1 records - comparisons: b64 n15 s1
Richmond --> 1 records - comparisons: b104 n19 s1
Port Bonython --> 1 records - comparisons: b104 n10 s1
